
*** Running vivado
    with args -log clock.vdi -applog -m64 -product Vivado -messageDb vivado.pb -mode batch -source clock.tcl -notrace


****** Vivado v2020.2 (64-bit)
  **** SW Build 3064766 on Wed Nov 18 09:12:47 MST 2020
  **** IP Build 3064653 on Wed Nov 18 14:17:31 MST 2020
    ** Copyright 1986-2020 Xilinx, Inc. All Rights Reserved.

source clock.tcl -notrace
Command: link_design -top clock -part xc7a35tcpg236-1
Design is defaulting to srcset: sources_1
Design is defaulting to constrset: constrs_1
INFO: [Device 21-403] Loading part xc7a35tcpg236-1
Netlist sorting complete. Time (s): cpu = 00:00:00 ; elapsed = 00:00:00 . Memory (MB): peak = 2290.820 ; gain = 0.000 ; free physical = 12382 ; free virtual = 18157
INFO: [Netlist 29-17] Analyzing 23 Unisim elements for replacement
INFO: [Netlist 29-28] Unisim Transformation completed in 0 CPU seconds
INFO: [Project 1-479] Netlist was created with Vivado 2020.2
INFO: [Project 1-570] Preparing netlist for logic optimization
Parsing XDC File [/home/k1minseok/study/vivado/0511HW_minsecClock/0511HW_minsecClock.srcs/constrs_1/imports/Vivado/MY_Basys-3-Master.xdc]
Finished Parsing XDC File [/home/k1minseok/study/vivado/0511HW_minsecClock/0511HW_minsecClock.srcs/constrs_1/imports/Vivado/MY_Basys-3-Master.xdc]
INFO: [Opt 31-138] Pushed 0 inverter(s) to 0 load pin(s).
Netlist sorting complete. Time (s): cpu = 00:00:00 ; elapsed = 00:00:00 . Memory (MB): peak = 2346.824 ; gain = 0.000 ; free physical = 12240 ; free virtual = 18015
INFO: [Project 1-111] Unisim Transformation Summary:
No Unisim elements were transformed.

7 Infos, 0 Warnings, 0 Critical Warnings and 0 Errors encountered.
link_design completed successfully
Command: opt_design
Attempting to get a license for feature 'Implementation' and/or device 'xc7a35t'
INFO: [Common 17-349] Got license for feature 'Implementation' and/or device 'xc7a35t'
Running DRC as a precondition to command opt_design

Starting DRC Task
INFO: [DRC 23-27] Running DRC with 8 threads
INFO: [Project 1-461] DRC finished with 0 Errors
INFO: [Project 1-462] Please refer to the DRC report (report_drc) for more information.

Time (s): cpu = 00:00:01 ; elapsed = 00:00:00.63 . Memory (MB): peak = 2410.855 ; gain = 64.031 ; free physical = 12228 ; free virtual = 18004

Starting Cache Timing Information Task
INFO: [Timing 38-35] Done setting XDC timing constraints.
Ending Cache Timing Information Task | Checksum: 13e46135f

Time (s): cpu = 00:00:05 ; elapsed = 00:00:05 . Memory (MB): peak = 2540.668 ; gain = 129.812 ; free physical = 11796 ; free virtual = 17588

Starting Logic Optimization Task

Phase 1 Retarget
INFO: [Opt 31-138] Pushed 0 inverter(s) to 0 load pin(s).
INFO: [Opt 31-49] Retargeted 0 cell(s).
Phase 1 Retarget | Checksum: 13e46135f

Time (s): cpu = 00:00:00.04 ; elapsed = 00:00:00.03 . Memory (MB): peak = 2711.637 ; gain = 0.000 ; free physical = 11666 ; free virtual = 17458
INFO: [Opt 31-389] Phase Retarget created 0 cells and removed 0 cells

Phase 2 Constant propagation
INFO: [Opt 31-138] Pushed 0 inverter(s) to 0 load pin(s).
Phase 2 Constant propagation | Checksum: 13e46135f

Time (s): cpu = 00:00:00.04 ; elapsed = 00:00:00.04 . Memory (MB): peak = 2711.637 ; gain = 0.000 ; free physical = 11666 ; free virtual = 17458
INFO: [Opt 31-389] Phase Constant propagation created 0 cells and removed 0 cells

Phase 3 Sweep
Phase 3 Sweep | Checksum: 146290a70

Time (s): cpu = 00:00:00.04 ; elapsed = 00:00:00.04 . Memory (MB): peak = 2711.637 ; gain = 0.000 ; free physical = 11666 ; free virtual = 17458
INFO: [Opt 31-389] Phase Sweep created 0 cells and removed 0 cells

Phase 4 BUFG optimization
Phase 4 BUFG optimization | Checksum: 146290a70

Time (s): cpu = 00:00:00.05 ; elapsed = 00:00:00.04 . Memory (MB): peak = 2711.637 ; gain = 0.000 ; free physical = 11666 ; free virtual = 17458
INFO: [Opt 31-662] Phase BUFG optimization created 0 cells of which 0 are BUFGs and removed 0 cells.

Phase 5 Shift Register Optimization
INFO: [Opt 31-1064] SRL Remap converted 0 SRLs to 0 registers and converted 0 registers of register chains to 0 SRLs
Phase 5 Shift Register Optimization | Checksum: 146290a70

Time (s): cpu = 00:00:00.05 ; elapsed = 00:00:00.04 . Memory (MB): peak = 2711.637 ; gain = 0.000 ; free physical = 11666 ; free virtual = 17458
INFO: [Opt 31-389] Phase Shift Register Optimization created 0 cells and removed 0 cells

Phase 6 Post Processing Netlist
Phase 6 Post Processing Netlist | Checksum: 146290a70

Time (s): cpu = 00:00:00.05 ; elapsed = 00:00:00.04 . Memory (MB): peak = 2711.637 ; gain = 0.000 ; free physical = 11666 ; free virtual = 17458
INFO: [Opt 31-389] Phase Post Processing Netlist created 0 cells and removed 0 cells
Opt_design Change Summary
=========================


-------------------------------------------------------------------------------------------------------------------------
|  Phase                        |  #Cells created  |  #Cells Removed  |  #Constrained objects preventing optimizations  |
-------------------------------------------------------------------------------------------------------------------------
|  Retarget                     |               0  |               0  |                                              0  |
|  Constant propagation         |               0  |               0  |                                              0  |
|  Sweep                        |               0  |               0  |                                              0  |
|  BUFG optimization            |               0  |               0  |                                              0  |
|  Shift Register Optimization  |               0  |               0  |                                              0  |
|  Post Processing Netlist      |               0  |               0  |                                              0  |
-------------------------------------------------------------------------------------------------------------------------



Starting Connectivity Check Task

Time (s): cpu = 00:00:00 ; elapsed = 00:00:00 . Memory (MB): peak = 2711.637 ; gain = 0.000 ; free physical = 11666 ; free virtual = 17458
Ending Logic Optimization Task | Checksum: 19d41c0c8

Time (s): cpu = 00:00:00.05 ; elapsed = 00:00:00.05 . Memory (MB): peak = 2711.637 ; gain = 0.000 ; free physical = 11666 ; free virtual = 17458

Starting Power Optimization Task
INFO: [Pwropt 34-132] Skipping clock gating for clocks with a period < 2.00 ns.
Ending Power Optimization Task | Checksum: 19d41c0c8

Time (s): cpu = 00:00:00.01 ; elapsed = 00:00:00.01 . Memory (MB): peak = 2711.637 ; gain = 0.000 ; free physical = 11666 ; free virtual = 17458

Starting Final Cleanup Task
Ending Final Cleanup Task | Checksum: 19d41c0c8

Time (s): cpu = 00:00:00 ; elapsed = 00:00:00 . Memory (MB): peak = 2711.637 ; gain = 0.000 ; free physical = 11666 ; free virtual = 17458

Starting Netlist Obfuscation Task
Netlist sorting complete. Time (s): cpu = 00:00:00 ; elapsed = 00:00:00 . Memory (MB): peak = 2711.637 ; gain = 0.000 ; free physical = 11666 ; free virtual = 17458
Ending Netlist Obfuscation Task | Checksum: 19d41c0c8

Time (s): cpu = 00:00:00 ; elapsed = 00:00:00 . Memory (MB): peak = 2711.637 ; gain = 0.000 ; free physical = 11666 ; free virtual = 17458
INFO: [Common 17-83] Releasing license: Implementation
24 Infos, 0 Warnings, 0 Critical Warnings and 0 Errors encountered.
opt_design completed successfully
opt_design: Time (s): cpu = 00:00:07 ; elapsed = 00:00:07 . Memory (MB): peak = 2711.637 ; gain = 364.812 ; free physical = 11666 ; free virtual = 17458
INFO: [Timing 38-480] Writing timing data to binary archive.
Writing placer database...
Writing XDEF routing.
Writing XDEF routing logical nets.
Writing XDEF routing special nets.
Write XDEF Complete: Time (s): cpu = 00:00:00 ; elapsed = 00:00:00 . Memory (MB): peak = 2751.656 ; gain = 0.000 ; free physical = 11662 ; free virtual = 17455
INFO: [Common 17-1381] The checkpoint '/home/k1minseok/study/vivado/0511HW_minsecClock/0511HW_minsecClock.runs/impl_1/clock_opt.dcp' has been generated.
INFO: [runtcl-4] Executing : report_drc -file clock_drc_opted.rpt -pb clock_drc_opted.pb -rpx clock_drc_opted.rpx
Command: report_drc -file clock_drc_opted.rpt -pb clock_drc_opted.pb -rpx clock_drc_opted.rpx
INFO: [IP_Flow 19-234] Refreshing IP repositories
INFO: [IP_Flow 19-1704] No user IP repositories specified
INFO: [IP_Flow 19-2313] Loaded Vivado IP repository '/home/k1minseok/tools/Xilinx/Vivado/2020.2/data/ip'.
INFO: [Timing 38-35] Done setting XDC timing constraints.
INFO: [DRC 23-27] Running DRC with 8 threads
INFO: [Coretcl 2-168] The results of DRC are in file /home/k1minseok/study/vivado/0511HW_minsecClock/0511HW_minsecClock.runs/impl_1/clock_drc_opted.rpt.
report_drc completed successfully
Command: place_design
Attempting to get a license for feature 'Implementation' and/or device 'xc7a35t'
INFO: [Common 17-349] Got license for feature 'Implementation' and/or device 'xc7a35t'
INFO: [DRC 23-27] Running DRC with 8 threads
INFO: [Vivado_Tcl 4-198] DRC finished with 0 Errors
INFO: [Vivado_Tcl 4-199] Please refer to the DRC report (report_drc) for more information.
Running DRC as a precondition to command place_design
INFO: [DRC 23-27] Running DRC with 8 threads
INFO: [Vivado_Tcl 4-198] DRC finished with 0 Errors
INFO: [Vivado_Tcl 4-199] Please refer to the DRC report (report_drc) for more information.

Starting Placer Task
INFO: [Place 30-611] Multithreading enabled for place_design using a maximum of 8 CPUs

Phase 1 Placer Initialization

Phase 1.1 Placer Initialization Netlist Sorting
Netlist sorting complete. Time (s): cpu = 00:00:00 ; elapsed = 00:00:00 . Memory (MB): peak = 2933.652 ; gain = 0.000 ; free physical = 11581 ; free virtual = 17374
Phase 1.1 Placer Initialization Netlist Sorting | Checksum: 181e5ee4a

Time (s): cpu = 00:00:00 ; elapsed = 00:00:00.01 . Memory (MB): peak = 2933.652 ; gain = 0.000 ; free physical = 11581 ; free virtual = 17374
Netlist sorting complete. Time (s): cpu = 00:00:00 ; elapsed = 00:00:00 . Memory (MB): peak = 2933.652 ; gain = 0.000 ; free physical = 11581 ; free virtual = 17374

Phase 1.2 IO Placement/ Clock Placement/ Build Placer Device
Phase 1.2 IO Placement/ Clock Placement/ Build Placer Device | Checksum: 5faa236a

Time (s): cpu = 00:00:00.46 ; elapsed = 00:00:00.14 . Memory (MB): peak = 2933.652 ; gain = 0.000 ; free physical = 11611 ; free virtual = 17407

Phase 1.3 Build Placer Netlist Model
Phase 1.3 Build Placer Netlist Model | Checksum: ca6f78ce

Time (s): cpu = 00:00:00.93 ; elapsed = 00:00:00.24 . Memory (MB): peak = 2933.652 ; gain = 0.000 ; free physical = 11623 ; free virtual = 17420

Phase 1.4 Constrain Clocks/Macros
Phase 1.4 Constrain Clocks/Macros | Checksum: ca6f78ce

Time (s): cpu = 00:00:00.94 ; elapsed = 00:00:00.24 . Memory (MB): peak = 2933.652 ; gain = 0.000 ; free physical = 11623 ; free virtual = 17420
Phase 1 Placer Initialization | Checksum: ca6f78ce

Time (s): cpu = 00:00:00.95 ; elapsed = 00:00:00.25 . Memory (MB): peak = 2933.652 ; gain = 0.000 ; free physical = 11623 ; free virtual = 17420

Phase 2 Global Placement

Phase 2.1 Floorplanning
Phase 2.1 Floorplanning | Checksum: 10f17e165

Time (s): cpu = 00:00:01 ; elapsed = 00:00:00.32 . Memory (MB): peak = 2933.652 ; gain = 0.000 ; free physical = 11617 ; free virtual = 17414

Phase 2.2 Update Timing before SLR Path Opt
Phase 2.2 Update Timing before SLR Path Opt | Checksum: a3b32555

Time (s): cpu = 00:00:02 ; elapsed = 00:00:00.34 . Memory (MB): peak = 2933.652 ; gain = 0.000 ; free physical = 11617 ; free virtual = 17415

Phase 2.3 Global Placement Core

Phase 2.3.1 Physical Synthesis In Placer
INFO: [Physopt 32-1044] Break lutnm for timing: one critical 0, two critical 0, total 0, new lutff created 0
INFO: [Physopt 32-775] End 1 Pass. Optimized 0 net or cell. Created 0 new cell, deleted 0 existing cell and moved 0 existing cell
INFO: [Physopt 32-65] No nets found for high-fanout optimization.
INFO: [Physopt 32-232] Optimized 0 net. Created 0 new instance.
INFO: [Physopt 32-775] End 1 Pass. Optimized 0 net or cell. Created 0 new cell, deleted 0 existing cell and moved 0 existing cell
INFO: [Physopt 32-670] No setup violation found.  DSP Register Optimization was not performed.
INFO: [Physopt 32-670] No setup violation found.  Shift Register to Pipeline Optimization was not performed.
INFO: [Physopt 32-670] No setup violation found.  Shift Register Optimization was not performed.
INFO: [Physopt 32-670] No setup violation found.  BRAM Register Optimization was not performed.
INFO: [Physopt 32-670] No setup violation found.  URAM Register Optimization was not performed.
INFO: [Physopt 32-949] No candidate nets found for dynamic/static region interface net replication
INFO: [Physopt 32-775] End 1 Pass. Optimized 0 net or cell. Created 0 new cell, deleted 0 existing cell and moved 0 existing cell
Netlist sorting complete. Time (s): cpu = 00:00:00 ; elapsed = 00:00:00 . Memory (MB): peak = 2933.652 ; gain = 0.000 ; free physical = 11601 ; free virtual = 17401

Summary of Physical Synthesis Optimizations
============================================


-----------------------------------------------------------------------------------------------------------------------------------------------------------
|  Optimization                                     |  Added Cells  |  Removed Cells  |  Optimized Cells/Nets  |  Dont Touch  |  Iterations  |  Elapsed   |
-----------------------------------------------------------------------------------------------------------------------------------------------------------
|  LUT Combining                                    |            0  |              0  |                     0  |           0  |           1  |  00:00:00  |
|  Very High Fanout                                 |            0  |              0  |                     0  |           0  |           1  |  00:00:00  |
|  DSP Register                                     |            0  |              0  |                     0  |           0  |           0  |  00:00:00  |
|  Shift Register to Pipeline                       |            0  |              0  |                     0  |           0  |           0  |  00:00:00  |
|  Shift Register                                   |            0  |              0  |                     0  |           0  |           0  |  00:00:00  |
|  BRAM Register                                    |            0  |              0  |                     0  |           0  |           0  |  00:00:00  |
|  URAM Register                                    |            0  |              0  |                     0  |           0  |           0  |  00:00:00  |
|  Dynamic/Static Region Interface Net Replication  |            0  |              0  |                     0  |           0  |           1  |  00:00:00  |
|  Total                                            |            0  |              0  |                     0  |           0  |           3  |  00:00:00  |
-----------------------------------------------------------------------------------------------------------------------------------------------------------


Phase 2.3.1 Physical Synthesis In Placer | Checksum: 6ece99de

Time (s): cpu = 00:00:08 ; elapsed = 00:00:02 . Memory (MB): peak = 2933.652 ; gain = 0.000 ; free physical = 11601 ; free virtual = 17401
Phase 2.3 Global Placement Core | Checksum: 12ffa2aa5

Time (s): cpu = 00:00:08 ; elapsed = 00:00:02 . Memory (MB): peak = 2933.652 ; gain = 0.000 ; free physical = 11600 ; free virtual = 17401
Phase 2 Global Placement | Checksum: 12ffa2aa5

Time (s): cpu = 00:00:08 ; elapsed = 00:00:02 . Memory (MB): peak = 2933.652 ; gain = 0.000 ; free physical = 11600 ; free virtual = 17401

Phase 3 Detail Placement

Phase 3.1 Commit Multi Column Macros
Phase 3.1 Commit Multi Column Macros | Checksum: c9413fab

Time (s): cpu = 00:00:08 ; elapsed = 00:00:02 . Memory (MB): peak = 2933.652 ; gain = 0.000 ; free physical = 11600 ; free virtual = 17401

Phase 3.2 Commit Most Macros & LUTRAMs
Phase 3.2 Commit Most Macros & LUTRAMs | Checksum: 1c62248c2

Time (s): cpu = 00:00:08 ; elapsed = 00:00:02 . Memory (MB): peak = 2933.652 ; gain = 0.000 ; free physical = 11600 ; free virtual = 17400

Phase 3.3 Area Swap Optimization
Phase 3.3 Area Swap Optimization | Checksum: 1b6016958

Time (s): cpu = 00:00:08 ; elapsed = 00:00:02 . Memory (MB): peak = 2933.652 ; gain = 0.000 ; free physical = 11600 ; free virtual = 17400

Phase 3.4 Pipeline Register Optimization
Phase 3.4 Pipeline Register Optimization | Checksum: 107f15d37

Time (s): cpu = 00:00:08 ; elapsed = 00:00:02 . Memory (MB): peak = 2933.652 ; gain = 0.000 ; free physical = 11600 ; free virtual = 17400

Phase 3.5 Small Shape Detail Placement
Phase 3.5 Small Shape Detail Placement | Checksum: 20f24b5a0

Time (s): cpu = 00:00:09 ; elapsed = 00:00:02 . Memory (MB): peak = 2933.652 ; gain = 0.000 ; free physical = 11596 ; free virtual = 17398

Phase 3.6 Re-assign LUT pins
Phase 3.6 Re-assign LUT pins | Checksum: 17d17520c

Time (s): cpu = 00:00:09 ; elapsed = 00:00:02 . Memory (MB): peak = 2933.652 ; gain = 0.000 ; free physical = 11596 ; free virtual = 17398

Phase 3.7 Pipeline Register Optimization
Phase 3.7 Pipeline Register Optimization | Checksum: cf275deb

Time (s): cpu = 00:00:09 ; elapsed = 00:00:02 . Memory (MB): peak = 2933.652 ; gain = 0.000 ; free physical = 11596 ; free virtual = 17398
Phase 3 Detail Placement | Checksum: cf275deb

Time (s): cpu = 00:00:09 ; elapsed = 00:00:02 . Memory (MB): peak = 2933.652 ; gain = 0.000 ; free physical = 11596 ; free virtual = 17398

Phase 4 Post Placement Optimization and Clean-Up

Phase 4.1 Post Commit Optimization
INFO: [Timing 38-35] Done setting XDC timing constraints.

Phase 4.1.1 Post Placement Optimization
Post Placement Optimization Initialization | Checksum: c30dc9d9

Phase 4.1.1.1 BUFG Insertion

Starting Physical Synthesis Task

Phase 1 Physical Synthesis Initialization
INFO: [Physopt 32-721] Multithreading enabled for phys_opt_design using a maximum of 8 CPUs
INFO: [Physopt 32-619] Estimated Timing Summary | WNS=6.322 | TNS=0.000 |
Phase 1 Physical Synthesis Initialization | Checksum: 80cc3640

Time (s): cpu = 00:00:00.21 ; elapsed = 00:00:00.02 . Memory (MB): peak = 2933.652 ; gain = 0.000 ; free physical = 11596 ; free virtual = 17397
INFO: [Place 46-56] BUFG insertion identified 0 candidate nets. Inserted BUFG: 0, Replicated BUFG Driver: 0, Skipped due to Placement/Routing Conflicts: 0, Skipped due to Timing Degradation: 0, Skipped due to Illegal Netlist: 0.
Ending Physical Synthesis Task | Checksum: 8158f01d

Time (s): cpu = 00:00:00.21 ; elapsed = 00:00:00.02 . Memory (MB): peak = 2933.652 ; gain = 0.000 ; free physical = 11596 ; free virtual = 17397
Phase 4.1.1.1 BUFG Insertion | Checksum: c30dc9d9

Time (s): cpu = 00:00:10 ; elapsed = 00:00:02 . Memory (MB): peak = 2933.652 ; gain = 0.000 ; free physical = 11596 ; free virtual = 17397
INFO: [Place 30-746] Post Placement Timing Summary WNS=6.322. For the most accurate timing information please run report_timing.

Time (s): cpu = 00:00:10 ; elapsed = 00:00:02 . Memory (MB): peak = 2933.652 ; gain = 0.000 ; free physical = 11596 ; free virtual = 17397
Phase 4.1 Post Commit Optimization | Checksum: 1309db055

Time (s): cpu = 00:00:10 ; elapsed = 00:00:02 . Memory (MB): peak = 2933.652 ; gain = 0.000 ; free physical = 11596 ; free virtual = 17397

Phase 4.2 Post Placement Cleanup
Phase 4.2 Post Placement Cleanup | Checksum: 1309db055

Time (s): cpu = 00:00:10 ; elapsed = 00:00:02 . Memory (MB): peak = 2933.652 ; gain = 0.000 ; free physical = 11596 ; free virtual = 17398

Phase 4.3 Placer Reporting

Phase 4.3.1 Print Estimated Congestion
INFO: [Place 30-612] Post-Placement Estimated Congestion 
 ____________________________________________________
|           | Global Congestion | Short Congestion  |
| Direction | Region Size       | Region Size       |
|___________|___________________|___________________|
|      North|                1x1|                1x1|
|___________|___________________|___________________|
|      South|                1x1|                1x1|
|___________|___________________|___________________|
|       East|                1x1|                1x1|
|___________|___________________|___________________|
|       West|                1x1|                1x1|
|___________|___________________|___________________|

Phase 4.3.1 Print Estimated Congestion | Checksum: 1309db055

Time (s): cpu = 00:00:10 ; elapsed = 00:00:02 . Memory (MB): peak = 2933.652 ; gain = 0.000 ; free physical = 11596 ; free virtual = 17398
Phase 4.3 Placer Reporting | Checksum: 1309db055

Time (s): cpu = 00:00:10 ; elapsed = 00:00:02 . Memory (MB): peak = 2933.652 ; gain = 0.000 ; free physical = 11596 ; free virtual = 17398

Phase 4.4 Final Placement Cleanup
Netlist sorting complete. Time (s): cpu = 00:00:00 ; elapsed = 00:00:00 . Memory (MB): peak = 2933.652 ; gain = 0.000 ; free physical = 11596 ; free virtual = 17398

Time (s): cpu = 00:00:10 ; elapsed = 00:00:02 . Memory (MB): peak = 2933.652 ; gain = 0.000 ; free physical = 11596 ; free virtual = 17398
Phase 4 Post Placement Optimization and Clean-Up | Checksum: 12dc36898

Time (s): cpu = 00:00:10 ; elapsed = 00:00:02 . Memory (MB): peak = 2933.652 ; gain = 0.000 ; free physical = 11596 ; free virtual = 17398
Ending Placer Task | Checksum: 6322d5e2

Time (s): cpu = 00:00:10 ; elapsed = 00:00:02 . Memory (MB): peak = 2933.652 ; gain = 0.000 ; free physical = 11596 ; free virtual = 17398
INFO: [Common 17-83] Releasing license: Implementation
60 Infos, 0 Warnings, 0 Critical Warnings and 0 Errors encountered.
place_design completed successfully
INFO: [Timing 38-480] Writing timing data to binary archive.
Writing placer database...
Writing XDEF routing.
Writing XDEF routing logical nets.
Writing XDEF routing special nets.
Write XDEF Complete: Time (s): cpu = 00:00:00.07 ; elapsed = 00:00:00.02 . Memory (MB): peak = 2933.652 ; gain = 0.000 ; free physical = 11610 ; free virtual = 17412
INFO: [Common 17-1381] The checkpoint '/home/k1minseok/study/vivado/0511HW_minsecClock/0511HW_minsecClock.runs/impl_1/clock_placed.dcp' has been generated.
INFO: [runtcl-4] Executing : report_io -file clock_io_placed.rpt
report_io: Time (s): cpu = 00:00:00.05 ; elapsed = 00:00:00.07 . Memory (MB): peak = 2933.652 ; gain = 0.000 ; free physical = 11604 ; free virtual = 17405
INFO: [runtcl-4] Executing : report_utilization -file clock_utilization_placed.rpt -pb clock_utilization_placed.pb
INFO: [runtcl-4] Executing : report_control_sets -verbose -file clock_control_sets_placed.rpt
report_control_sets: Time (s): cpu = 00:00:00 ; elapsed = 00:00:00.04 . Memory (MB): peak = 2933.652 ; gain = 0.000 ; free physical = 11608 ; free virtual = 17410
Command: phys_opt_design
Attempting to get a license for feature 'Implementation' and/or device 'xc7a35t'
INFO: [Common 17-349] Got license for feature 'Implementation' and/or device 'xc7a35t'
INFO: [Vivado_Tcl 4-383] Design worst setup slack (WNS) is greater than or equal to 0.000 ns. Skipping all physical synthesis optimizations.
INFO: [Vivado_Tcl 4-232] No setup violation found. The netlist was not modified.
INFO: [Common 17-83] Releasing license: Implementation
69 Infos, 0 Warnings, 0 Critical Warnings and 0 Errors encountered.
phys_opt_design completed successfully
INFO: [Timing 38-480] Writing timing data to binary archive.
Writing placer database...
Writing XDEF routing.
Writing XDEF routing logical nets.
Writing XDEF routing special nets.
Write XDEF Complete: Time (s): cpu = 00:00:00.04 ; elapsed = 00:00:00.01 . Memory (MB): peak = 2933.652 ; gain = 0.000 ; free physical = 11574 ; free virtual = 17377
INFO: [Common 17-1381] The checkpoint '/home/k1minseok/study/vivado/0511HW_minsecClock/0511HW_minsecClock.runs/impl_1/clock_physopt.dcp' has been generated.
Command: route_design
Attempting to get a license for feature 'Implementation' and/or device 'xc7a35t'
INFO: [Common 17-349] Got license for feature 'Implementation' and/or device 'xc7a35t'
Running DRC as a precondition to command route_design
INFO: [DRC 23-27] Running DRC with 8 threads
INFO: [Vivado_Tcl 4-198] DRC finished with 0 Errors
INFO: [Vivado_Tcl 4-199] Please refer to the DRC report (report_drc) for more information.


Starting Routing Task
INFO: [Route 35-254] Multithreading enabled for route_design using a maximum of 8 CPUs
Checksum: PlaceDB: 5d9d6617 ConstDB: 0 ShapeSum: 5856fcb RouteDB: 0

Phase 1 Build RT Design
Phase 1 Build RT Design | Checksum: 12a989914

Time (s): cpu = 00:00:08 ; elapsed = 00:00:07 . Memory (MB): peak = 2933.652 ; gain = 0.000 ; free physical = 11462 ; free virtual = 17265
Post Restoration Checksum: NetGraph: acca3b32 NumContArr: 7dce5de2 Constraints: 0 Timing: 0

Phase 2 Router Initialization

Phase 2.1 Create Timer
Phase 2.1 Create Timer | Checksum: 12a989914

Time (s): cpu = 00:00:08 ; elapsed = 00:00:07 . Memory (MB): peak = 2933.652 ; gain = 0.000 ; free physical = 11463 ; free virtual = 17266

Phase 2.2 Fix Topology Constraints
Phase 2.2 Fix Topology Constraints | Checksum: 12a989914

Time (s): cpu = 00:00:08 ; elapsed = 00:00:07 . Memory (MB): peak = 2933.652 ; gain = 0.000 ; free physical = 11429 ; free virtual = 17233

Phase 2.3 Pre Route Cleanup
Phase 2.3 Pre Route Cleanup | Checksum: 12a989914

Time (s): cpu = 00:00:08 ; elapsed = 00:00:07 . Memory (MB): peak = 2933.652 ; gain = 0.000 ; free physical = 11429 ; free virtual = 17232
 Number of Nodes with overlaps = 0

Phase 2.4 Update Timing
Phase 2.4 Update Timing | Checksum: 24e6197e4

Time (s): cpu = 00:00:08 ; elapsed = 00:00:07 . Memory (MB): peak = 2933.652 ; gain = 0.000 ; free physical = 11422 ; free virtual = 17226
INFO: [Route 35-416] Intermediate Timing Summary | WNS=6.303  | TNS=0.000  | WHS=-0.063 | THS=-0.065 |

Phase 2 Router Initialization | Checksum: 1cca97f7f

Time (s): cpu = 00:00:09 ; elapsed = 00:00:07 . Memory (MB): peak = 2933.652 ; gain = 0.000 ; free physical = 11422 ; free virtual = 17226

Router Utilization Summary
  Global Vertical Routing Utilization    = 0.000956709 %
  Global Horizontal Routing Utilization  = 0.00156169 %
  Routable Net Status*
  *Does not include unroutable nets such as driverless and loadless.
  Run report_route_status for detailed report.
  Number of Failed Nets               = 146
    (Failed Nets is the sum of unrouted and partially routed nets)
  Number of Unrouted Nets             = 143
  Number of Partially Routed Nets     = 3
  Number of Node Overlaps             = 0


Phase 3 Initial Routing

Phase 3.1 Global Routing
Phase 3.1 Global Routing | Checksum: 1cca97f7f

Time (s): cpu = 00:00:09 ; elapsed = 00:00:07 . Memory (MB): peak = 2933.652 ; gain = 0.000 ; free physical = 11420 ; free virtual = 17224
Phase 3 Initial Routing | Checksum: 1d8745251

Time (s): cpu = 00:00:09 ; elapsed = 00:00:07 . Memory (MB): peak = 2933.652 ; gain = 0.000 ; free physical = 11421 ; free virtual = 17225

Phase 4 Rip-up And Reroute

Phase 4.1 Global Iteration 0
 Number of Nodes with overlaps = 6
 Number of Nodes with overlaps = 0
INFO: [Route 35-416] Intermediate Timing Summary | WNS=5.766  | TNS=0.000  | WHS=N/A    | THS=N/A    |

Phase 4.1 Global Iteration 0 | Checksum: 1cf358130

Time (s): cpu = 00:00:09 ; elapsed = 00:00:07 . Memory (MB): peak = 2933.652 ; gain = 0.000 ; free physical = 11422 ; free virtual = 17226

Phase 4.2 Global Iteration 1
 Number of Nodes with overlaps = 0
INFO: [Route 35-416] Intermediate Timing Summary | WNS=5.766  | TNS=0.000  | WHS=N/A    | THS=N/A    |

Phase 4.2 Global Iteration 1 | Checksum: 230957dd4

Time (s): cpu = 00:00:09 ; elapsed = 00:00:07 . Memory (MB): peak = 2933.652 ; gain = 0.000 ; free physical = 11422 ; free virtual = 17226
Phase 4 Rip-up And Reroute | Checksum: 230957dd4

Time (s): cpu = 00:00:09 ; elapsed = 00:00:07 . Memory (MB): peak = 2933.652 ; gain = 0.000 ; free physical = 11422 ; free virtual = 17226

Phase 5 Delay and Skew Optimization

Phase 5.1 Delay CleanUp
Phase 5.1 Delay CleanUp | Checksum: 230957dd4

Time (s): cpu = 00:00:09 ; elapsed = 00:00:07 . Memory (MB): peak = 2933.652 ; gain = 0.000 ; free physical = 11422 ; free virtual = 17226

Phase 5.2 Clock Skew Optimization
Phase 5.2 Clock Skew Optimization | Checksum: 230957dd4

Time (s): cpu = 00:00:09 ; elapsed = 00:00:07 . Memory (MB): peak = 2933.652 ; gain = 0.000 ; free physical = 11422 ; free virtual = 17226
Phase 5 Delay and Skew Optimization | Checksum: 230957dd4

Time (s): cpu = 00:00:09 ; elapsed = 00:00:07 . Memory (MB): peak = 2933.652 ; gain = 0.000 ; free physical = 11422 ; free virtual = 17226

Phase 6 Post Hold Fix

Phase 6.1 Hold Fix Iter

Phase 6.1.1 Update Timing
Phase 6.1.1 Update Timing | Checksum: 1b7480c65

Time (s): cpu = 00:00:09 ; elapsed = 00:00:07 . Memory (MB): peak = 2933.652 ; gain = 0.000 ; free physical = 11422 ; free virtual = 17226
INFO: [Route 35-416] Intermediate Timing Summary | WNS=5.859  | TNS=0.000  | WHS=0.249  | THS=0.000  |

Phase 6.1 Hold Fix Iter | Checksum: 299687275

Time (s): cpu = 00:00:09 ; elapsed = 00:00:07 . Memory (MB): peak = 2933.652 ; gain = 0.000 ; free physical = 11422 ; free virtual = 17226
Phase 6 Post Hold Fix | Checksum: 299687275

Time (s): cpu = 00:00:09 ; elapsed = 00:00:07 . Memory (MB): peak = 2933.652 ; gain = 0.000 ; free physical = 11422 ; free virtual = 17226

Phase 7 Route finalize

Router Utilization Summary
  Global Vertical Routing Utilization    = 0.0216057 %
  Global Horizontal Routing Utilization  = 0.023165 %
  Routable Net Status*
  *Does not include unroutable nets such as driverless and loadless.
  Run report_route_status for detailed report.
  Number of Failed Nets               = 0
    (Failed Nets is the sum of unrouted and partially routed nets)
  Number of Unrouted Nets             = 0
  Number of Partially Routed Nets     = 0
  Number of Node Overlaps             = 0

Phase 7 Route finalize | Checksum: 1fa166f91

Time (s): cpu = 00:00:09 ; elapsed = 00:00:07 . Memory (MB): peak = 2933.652 ; gain = 0.000 ; free physical = 11422 ; free virtual = 17226

Phase 8 Verifying routed nets

 Verification completed successfully
Phase 8 Verifying routed nets | Checksum: 1fa166f91

Time (s): cpu = 00:00:09 ; elapsed = 00:00:07 . Memory (MB): peak = 2933.652 ; gain = 0.000 ; free physical = 11421 ; free virtual = 17225

Phase 9 Depositing Routes
Phase 9 Depositing Routes | Checksum: 18a4e665e

Time (s): cpu = 00:00:09 ; elapsed = 00:00:07 . Memory (MB): peak = 2946.605 ; gain = 12.953 ; free physical = 11421 ; free virtual = 17225

Phase 10 Post Router Timing
INFO: [Route 35-57] Estimated Timing Summary | WNS=5.859  | TNS=0.000  | WHS=0.249  | THS=0.000  |

INFO: [Route 35-327] The final timing numbers are based on the router estimated timing analysis. For a complete and accurate timing signoff, please run report_timing_summary.
Phase 10 Post Router Timing | Checksum: 18a4e665e

Time (s): cpu = 00:00:09 ; elapsed = 00:00:07 . Memory (MB): peak = 2946.605 ; gain = 12.953 ; free physical = 11421 ; free virtual = 17225
INFO: [Route 35-16] Router Completed Successfully

Time (s): cpu = 00:00:09 ; elapsed = 00:00:07 . Memory (MB): peak = 2946.605 ; gain = 12.953 ; free physical = 11454 ; free virtual = 17258

Routing Is Done.
INFO: [Common 17-83] Releasing license: Implementation
84 Infos, 0 Warnings, 0 Critical Warnings and 0 Errors encountered.
route_design completed successfully
route_design: Time (s): cpu = 00:00:10 ; elapsed = 00:00:08 . Memory (MB): peak = 2946.605 ; gain = 12.953 ; free physical = 11454 ; free virtual = 17258
INFO: [Timing 38-480] Writing timing data to binary archive.
Writing placer database...
Writing XDEF routing.
Writing XDEF routing logical nets.
Writing XDEF routing special nets.
Write XDEF Complete: Time (s): cpu = 00:00:00.06 ; elapsed = 00:00:00.02 . Memory (MB): peak = 2946.605 ; gain = 0.000 ; free physical = 11448 ; free virtual = 17253
INFO: [Common 17-1381] The checkpoint '/home/k1minseok/study/vivado/0511HW_minsecClock/0511HW_minsecClock.runs/impl_1/clock_routed.dcp' has been generated.
INFO: [runtcl-4] Executing : report_drc -file clock_drc_routed.rpt -pb clock_drc_routed.pb -rpx clock_drc_routed.rpx
Command: report_drc -file clock_drc_routed.rpt -pb clock_drc_routed.pb -rpx clock_drc_routed.rpx
INFO: [IP_Flow 19-1839] IP Catalog is up to date.
INFO: [DRC 23-27] Running DRC with 8 threads
INFO: [Coretcl 2-168] The results of DRC are in file /home/k1minseok/study/vivado/0511HW_minsecClock/0511HW_minsecClock.runs/impl_1/clock_drc_routed.rpt.
report_drc completed successfully
INFO: [runtcl-4] Executing : report_methodology -file clock_methodology_drc_routed.rpt -pb clock_methodology_drc_routed.pb -rpx clock_methodology_drc_routed.rpx
Command: report_methodology -file clock_methodology_drc_routed.rpt -pb clock_methodology_drc_routed.pb -rpx clock_methodology_drc_routed.rpx
INFO: [Timing 38-35] Done setting XDC timing constraints.
INFO: [DRC 23-133] Running Methodology with 8 threads
INFO: [Coretcl 2-1520] The results of Report Methodology are in file /home/k1minseok/study/vivado/0511HW_minsecClock/0511HW_minsecClock.runs/impl_1/clock_methodology_drc_routed.rpt.
report_methodology completed successfully
INFO: [runtcl-4] Executing : report_power -file clock_power_routed.rpt -pb clock_power_summary_routed.pb -rpx clock_power_routed.rpx
Command: report_power -file clock_power_routed.rpt -pb clock_power_summary_routed.pb -rpx clock_power_routed.rpx
INFO: [Timing 38-35] Done setting XDC timing constraints.
Running Vector-less Activity Propagation...

Finished Running Vector-less Activity Propagation
96 Infos, 0 Warnings, 0 Critical Warnings and 0 Errors encountered.
report_power completed successfully
INFO: [runtcl-4] Executing : report_route_status -file clock_route_status.rpt -pb clock_route_status.pb
INFO: [runtcl-4] Executing : report_timing_summary -max_paths 10 -file clock_timing_summary_routed.rpt -pb clock_timing_summary_routed.pb -rpx clock_timing_summary_routed.rpx -warn_on_violation 
INFO: [Timing 38-91] UpdateTimingParams: Speed grade: -1, Delay Type: min_max.
INFO: [Timing 38-191] Multithreading enabled for timing update using a maximum of 8 CPUs
INFO: [runtcl-4] Executing : report_incremental_reuse -file clock_incremental_reuse_routed.rpt
INFO: [Vivado_Tcl 4-1062] Incremental flow is disabled. No incremental reuse Info to report.
INFO: [runtcl-4] Executing : report_clock_utilization -file clock_clock_utilization_routed.rpt
INFO: [runtcl-4] Executing : report_bus_skew -warn_on_violation -file clock_bus_skew_routed.rpt -pb clock_bus_skew_routed.pb -rpx clock_bus_skew_routed.rpx
INFO: [Timing 38-91] UpdateTimingParams: Speed grade: -1, Delay Type: min_max.
INFO: [Timing 38-191] Multithreading enabled for timing update using a maximum of 8 CPUs
Command: write_bitstream -force clock.bit
Attempting to get a license for feature 'Implementation' and/or device 'xc7a35t'
INFO: [Common 17-349] Got license for feature 'Implementation' and/or device 'xc7a35t'
Running DRC as a precondition to command write_bitstream
INFO: [IP_Flow 19-1839] IP Catalog is up to date.
INFO: [DRC 23-27] Running DRC with 8 threads
INFO: [Vivado 12-3199] DRC finished with 0 Errors
INFO: [Vivado 12-3200] Please refer to the DRC report (report_drc) for more information.
INFO: [Designutils 20-2272] Running write_bitstream with 8 threads.
Loading data files...
Loading site data...
Loading route data...
Processing options...
Creating bitmap...
Creating bitstream...
Writing bitstream ./clock.bit...
INFO: [Vivado 12-1842] Bitgen Completed Successfully.
INFO: [Project 1-120] WebTalk data collection is mandatory when using a WebPACK part without a full Vivado license. To see the specific WebTalk data collected for your design, open the usage_statistics_webtalk.html or usage_statistics_webtalk.xml file in the implementation directory.
INFO: [Common 17-83] Releasing license: Implementation
12 Infos, 0 Warnings, 0 Critical Warnings and 0 Errors encountered.
write_bitstream completed successfully
write_bitstream: Time (s): cpu = 00:00:07 ; elapsed = 00:00:16 . Memory (MB): peak = 3274.145 ; gain = 212.242 ; free physical = 11402 ; free virtual = 17215
INFO: [Common 17-206] Exiting Vivado at Mon May 13 00:48:55 2024...

*** Running vivado
    with args -log clock.vdi -applog -m64 -product Vivado -messageDb vivado.pb -mode batch -source clock.tcl -notrace


****** Vivado v2020.2 (64-bit)
  **** SW Build 3064766 on Wed Nov 18 09:12:47 MST 2020
  **** IP Build 3064653 on Wed Nov 18 14:17:31 MST 2020
    ** Copyright 1986-2020 Xilinx, Inc. All Rights Reserved.

source clock.tcl -notrace
Command: open_checkpoint clock_routed.dcp

Starting open_checkpoint Task

Time (s): cpu = 00:00:00.07 ; elapsed = 00:00:00.04 . Memory (MB): peak = 2296.746 ; gain = 3.969 ; free physical = 11913 ; free virtual = 17463
INFO: [Device 21-403] Loading part xc7a35tcpg236-1
Netlist sorting complete. Time (s): cpu = 00:00:00 ; elapsed = 00:00:00 . Memory (MB): peak = 2296.793 ; gain = 0.000 ; free physical = 12359 ; free virtual = 17933
INFO: [Netlist 29-17] Analyzing 23 Unisim elements for replacement
INFO: [Netlist 29-28] Unisim Transformation completed in 0 CPU seconds
INFO: [Project 1-479] Netlist was created with Vivado 2020.2
INFO: [Project 1-570] Preparing netlist for logic optimization
INFO: [Timing 38-478] Restoring timing data from binary archive.
INFO: [Timing 38-479] Binary timing data restore complete.
INFO: [Project 1-856] Restoring constraints from binary archive.
INFO: [Project 1-853] Binary constraint restore complete.
Reading XDEF placement.
Reading placer database...
Reading XDEF routing.
Read XDEF File: Time (s): cpu = 00:00:00.03 ; elapsed = 00:00:00.07 . Memory (MB): peak = 2480.512 ; gain = 2.969 ; free physical = 11722 ; free virtual = 17332
Restored from archive | CPU: 0.060000 secs | Memory: 1.346405 MB |
Finished XDEF File Restore: Time (s): cpu = 00:00:00.03 ; elapsed = 00:00:00.07 . Memory (MB): peak = 2480.512 ; gain = 2.969 ; free physical = 11722 ; free virtual = 17332
Netlist sorting complete. Time (s): cpu = 00:00:00 ; elapsed = 00:00:00 . Memory (MB): peak = 2480.512 ; gain = 0.000 ; free physical = 11722 ; free virtual = 17332
INFO: [Project 1-111] Unisim Transformation Summary:
No Unisim elements were transformed.

INFO: [Project 1-604] Checkpoint was created with Vivado v2020.2 (64-bit) build 3064766
open_checkpoint: Time (s): cpu = 00:00:07 ; elapsed = 00:00:09 . Memory (MB): peak = 2480.512 ; gain = 192.672 ; free physical = 11722 ; free virtual = 17332
Command: write_bitstream -force clock.bit
Attempting to get a license for feature 'Implementation' and/or device 'xc7a35t'
INFO: [Common 17-349] Got license for feature 'Implementation' and/or device 'xc7a35t'
Running DRC as a precondition to command write_bitstream
INFO: [IP_Flow 19-234] Refreshing IP repositories
INFO: [IP_Flow 19-1704] No user IP repositories specified
INFO: [IP_Flow 19-2313] Loaded Vivado IP repository '/home/k1minseok/tools/Xilinx/Vivado/2020.2/data/ip'.
INFO: [DRC 23-27] Running DRC with 8 threads
INFO: [Vivado 12-3199] DRC finished with 0 Errors
INFO: [Vivado 12-3200] Please refer to the DRC report (report_drc) for more information.
INFO: [Designutils 20-2272] Running write_bitstream with 8 threads.
Loading data files...
Loading site data...
Loading route data...
Processing options...
Creating bitmap...
Creating bitstream...
Writing bitstream ./clock.bit...
INFO: [Vivado 12-1842] Bitgen Completed Successfully.
INFO: [Project 1-120] WebTalk data collection is mandatory when using a WebPACK part without a full Vivado license. To see the specific WebTalk data collected for your design, open the usage_statistics_webtalk.html or usage_statistics_webtalk.xml file in the implementation directory.
INFO: [Common 17-83] Releasing license: Implementation
22 Infos, 0 Warnings, 0 Critical Warnings and 0 Errors encountered.
write_bitstream completed successfully
write_bitstream: Time (s): cpu = 00:00:06 ; elapsed = 00:00:16 . Memory (MB): peak = 2931.246 ; gain = 450.734 ; free physical = 11648 ; free virtual = 17269
INFO: [Common 17-206] Exiting Vivado at Mon May 13 01:44:57 2024...
